app/build/outputs/logs/manifest-merger-debug-report.txt
-- Merging decision tree log ---
manifest
ADDED from src/main/AndroidManifest.xml:2:1-28:12
	package
		ADDED from src/main/AndroidManifest.xml:3:11-37
		INJECTED from src/main/AndroidManifest.xml
		INJECTED from src/main/AndroidManifest.xml
	android:versionName
		INJECTED from src/main/AndroidManifest.xml
		INJECTED from src/main/AndroidManifest.xml
	xmlns:android
		ADDED from src/main/AndroidManifest.xml:2:11-69
	android:versionCode
		INJECTED from src/main/AndroidManifest.xml
		INJECTED from src/main/AndroidManifest.xml
application
ADDED from src/main/AndroidManifest.xml:5:5-26:19
MERGED from [MyRxDemo.ToolLib:zlibrary:unspecified] AndroidManifest.xml:11:5-15:19
MERGED from [com.android.support:cardview-v7:25.1.1] AndroidManifest.xml:22:5-20
MERGED from [com.github.CymChad:BaseRecyclerViewAdapterHelper:v1.9.7] AndroidManifest.xml:11:5-14:19
MERGED from [com.jakewharton.timber:timber:4.5.1] AndroidManifest.xml:8:5-20
MERGED from [MyRxDemo.ToolLib:toasty:unspecified] AndroidManifest.xml:11:5-15:19
MERGED from [com.android.support:design:25.1.1] AndroidManifest.xml:25:5-20
MERGED from [com.android.support:transition:25.1.1] AndroidManifest.xml:22:5-20
MERGED from [com.afollestad.material-dialogs:commons:0.9.2.3] AndroidManifest.xml:12:5-20
MERGED from [com.afollestad.material-dialogs:core:0.9.2.3] AndroidManifest.xml:13:5-20
MERGED from [com.android.support:support-v13:25.1.0] AndroidManifest.xml:25:5-20
MERGED from [com.android.support:appcompat-v7:25.1.1] AndroidManifest.xml:25:5-20
MERGED from [com.android.support:support-v4:25.1.1] AndroidManifest.xml:25:5-20
MERGED from [com.android.support:support-fragment:25.1.1] AndroidManifest.xml:25:5-20
MERGED from [com.android.support:support-media-compat:25.1.1] AndroidManifest.xml:25:5-20
MERGED from [com.android.support:support-core-ui:25.1.1] AndroidManifest.xml:25:5-20
MERGED from [com.android.support:support-core-utils:25.1.1] AndroidManifest.xml:25:5-20
MERGED from [com.android.support:animated-vector-drawable:25.1.1] AndroidManifest.xml:22:5-20
MERGED from [com.android.support:support-vector-drawable:25.1.1] AndroidManifest.xml:23:5-20
MERGED from [com.android.support:support-compat:25.1.1] AndroidManifest.xml:25:5-20
MERGED from [com.antfortune.freeline:runtime:0.8.5] AndroidManifest.xml:13:5-33:19
	android:label
		ADDED from src/main/AndroidManifest.xml:9:9-41
	android:supportsRtl
		ADDED from src/main/AndroidManifest.xml:10:9-35
	android:vmSafeMode
		ADDED from [com.antfortune.freeline:runtime:0.8.5] AndroidManifest.xml:13:18-43
	android:allowBackup
		ADDED from src/main/AndroidManifest.xml:7:9-35
	android:icon
		ADDED from src/main/AndroidManifest.xml:8:9-43
	android:theme
		ADDED from src/main/AndroidManifest.xml:11:9-40
	android:name
		ADDED from src/main/AndroidManifest.xml:6:9-40
activity#com.zjy.myrxdemo.MainActivity
ADDED from src/main/AndroidManifest.xml:12:9-13:20
	android:name
		ADDED from src/main/AndroidManifest.xml:12:19-47
activity#com.zjy.myrxdemo.business.login.LoginActivity
ADDED from src/main/AndroidManifest.xml:14:9-21:20
	android:theme
		ADDED from src/main/AndroidManifest.xml:15:13-69
	android:name
		ADDED from src/main/AndroidManifest.xml:14:19-63
intent-filter#android.intent.action.MAIN+android.intent.category.LAUNCHER
ADDED from src/main/AndroidManifest.xml:16:13-20:29
action#android.intent.action.MAIN
ADDED from src/main/AndroidManifest.xml:17:17-68
	android:name
		ADDED from src/main/AndroidManifest.xml:17:25-66
category#android.intent.category.LAUNCHER
ADDED from src/main/AndroidManifest.xml:19:17-76
	android:name
		ADDED from src/main/AndroidManifest.xml:19:27-74
activity#com.zjy.myrxdemo.business.register.RegisterActivity
ADDED from src/main/AndroidManifest.xml:22:9-25:20
	android:theme
		ADDED from src/main/AndroidManifest.xml:23:19-53
	android:name
		ADDED from src/main/AndroidManifest.xml:22:19-69
uses-sdk
INJECTED from src/main/AndroidManifest.xml reason: use-sdk injection requested
MERGED from [MyRxDemo.ToolLib:zlibrary:unspecified] AndroidManifest.xml:7:5-9:41
MERGED from [com.android.support:cardview-v7:25.1.1] AndroidManifest.xml:20:5-43
MERGED from [com.android.support:multidex:1.0.1] AndroidManifest.xml:18:5-42
MERGED from [com.trello:rxlifecycle-android:1.0] AndroidManifest.xml:17:5-44
MERGED from [com.blankj:utilcode:1.3.5] AndroidManifest.xml:8:5-10:41
MERGED from [com.github.CymChad:BaseRecyclerViewAdapterHelper:v1.9.7] AndroidManifest.xml:7:5-9:41
MERGED from [com.jakewharton.timber:timber:4.5.1] AndroidManifest.xml:6:5-43
MERGED from [com.jakewharton.rxbinding:rxbinding-support-v4:1.0.0] AndroidManifest.xml:6:5-44
MERGED from [com.jakewharton.rxbinding:rxbinding:1.0.0] AndroidManifest.xml:6:5-44
MERGED from [io.reactivex:rxandroid:1.2.1] AndroidManifest.xml:19:5-43
MERGED from [MyRxDemo.ToolLib:toasty:unspecified] AndroidManifest.xml:7:5-9:41
MERGED from [MyRxDemo.ToolLib:bottom-bar:unspecified] AndroidManifest.xml:8:5-10:41
MERGED from [com.android.support:design:25.1.1] AndroidManifest.xml:21:5-23:62
MERGED from [com.android.support:transition:25.1.1] AndroidManifest.xml:20:5-44
MERGED from [com.afollestad.material-dialogs:commons:0.9.2.3] AndroidManifest.xml:8:5-10:41
MERGED from [com.afollestad.material-dialogs:core:0.9.2.3] AndroidManifest.xml:8:5-11:75
MERGED from [com.android.support:support-v13:25.1.0] AndroidManifest.xml:21:5-23:55
MERGED from [com.android.support:recyclerview-v7:25.1.1] AndroidManifest.xml:20:5-43
MERGED from [me.zhanghai.android.materialprogressbar:library:1.3.0] AndroidManifest.xml:12:5-14:41
MERGED from [com.android.support:appcompat-v7:25.1.1] AndroidManifest.xml:21:5-23:78
MERGED from [com.android.support:support-v4:25.1.1] AndroidManifest.xml:21:5-23:54
MERGED from [com.android.support:support-fragment:25.1.1] AndroidManifest.xml:21:5-23:60
MERGED from [com.android.support:support-media-compat:25.1.1] AndroidManifest.xml:21:5-23:63
MERGED from [com.android.support:support-core-ui:25.1.1] AndroidManifest.xml:21:5-23:58
MERGED from [com.android.support:support-core-utils:25.1.1] AndroidManifest.xml:21:5-23:61
MERGED from [com.android.support:animated-vector-drawable:25.1.1] AndroidManifest.xml:20:5-44
MERGED from [com.android.support:support-vector-drawable:25.1.1] AndroidManifest.xml:21:5-43
MERGED from [com.android.support:support-compat:25.1.1] AndroidManifest.xml:21:5-23:58
MERGED from [com.jakewharton:butterknife:8.4.0] AndroidManifest.xml:5:5-43
MERGED from [com.antfortune.freeline:runtime:0.8.5] AndroidManifest.xml:7:5-9:41
	tools:overrideLibrary
		ADDED from [com.android.support:design:25.1.1] AndroidManifest.xml:23:9-59
	android:targetSdkVersion
		INJECTED from src/main/AndroidManifest.xml
		INJECTED from src/main/AndroidManifest.xml
	android:minSdkVersion
		INJECTED from src/main/AndroidManifest.xml
		INJECTED from src/main/AndroidManifest.xml
uses-permission#android.permission.INTERNET
ADDED from [com.antfortune.freeline:runtime:0.8.5] AndroidManifest.xml:11:5-67
	android:name
		ADDED from [com.antfortune.freeline:runtime:0.8.5] AndroidManifest.xml:11:22-64
activity#com.antfortune.freeline.MiddlewareActivity
ADDED from [com.antfortune.freeline:runtime:0.8.5] AndroidManifest.xml:14:9-16:52
	android:screenOrientation
		ADDED from [com.antfortune.freeline:runtime:0.8.5] AndroidManifest.xml:16:13-49
	android:name
		ADDED from [com.antfortune.freeline:runtime:0.8.5] AndroidManifest.xml:15:13-70
service#com.antfortune.freeline.FreelineService
ADDED from [com.antfortune.freeline:runtime:0.8.5] AndroidManifest.xml:18:9-21:43
	android:process
		ADDED from [com.antfortune.freeline:runtime:0.8.5] AndroidManifest.xml:21:13-40
	android:exported
		ADDED from [com.antfortune.freeline:runtime:0.8.5] AndroidManifest.xml:20:13-36
	android:name
		ADDED from [com.antfortune.freeline:runtime:0.8.5] AndroidManifest.xml:19:13-67
service#com.antfortune.freeline.FreelineService$InnerService
ADDED from [com.antfortune.freeline:runtime:0.8.5] AndroidManifest.xml:22:9-24:43
	android:process
		ADDED from [com.antfortune.freeline:runtime:0.8.5] AndroidManifest.xml:24:13-40
	android:name
		ADDED from [com.antfortune.freeline:runtime:0.8.5] AndroidManifest.xml:23:13-80
receiver#com.antfortune.freeline.FreelineReceiver
ADDED from [com.antfortune.freeline:runtime:0.8.5] AndroidManifest.xml:26:9-32:20
	android:name
		ADDED from [com.antfortune.freeline:runtime:0.8.5] AndroidManifest.xml:26:19-74
intent-filter#android.intent.action.FreelineReceiver+android.intent.category.DEFAULT
ADDED from [com.antfortune.freeline:runtime:0.8.5] AndroidManifest.xml:27:13-31:29
action#android.intent.action.FreelineReceiver
ADDED from [com.antfortune.freeline:runtime:0.8.5] AndroidManifest.xml:28:17-81
	android:name
		ADDED from [com.antfortune.freeline:runtime:0.8.5] AndroidManifest.xml:28:25-78
category#android.intent.category.DEFAULT
ADDED from [com.antfortune.freeline:runtime:0.8.5] AndroidManifest.xml:30:17-76
	android:name
		ADDED from [com.antfortune.freeline:runtime:0.8.5] AndroidManifest.xml:30:27-73